[21:14:40] [main/INFO] (FabricLoader) Loading 49 mods:
	- fabric 0.40.6+1.16
	- fabric-api-base 0.3.0+f74f7c7d7d
	- fabric-api-lookup-api-v1 1.3.0+f74f7c7d7d
	- fabric-biome-api-v1 3.1.11+f74f7c7d7d
	- fabric-blockrenderlayer-v1 1.1.5+ca58154a7d
	- fabric-command-api-v1 1.1.2+f74f7c7d7d
	- fabric-commands-v0 0.2.2+ca58154a7d
	- fabric-containers-v0 0.1.11+9354966b7d
	- fabric-content-registries-v0 0.2.4+f74f7c7d7d
	- fabric-crash-report-info-v1 0.1.3+ca58154a7d
	- fabric-dimensions-v1 2.0.6+f74f7c7d7d
	- fabric-entity-events-v1 1.2.3+77df1b337d
	- fabric-events-interaction-v0 0.4.4+35ff49a47d
	- fabric-events-lifecycle-v0 0.2.1+ca58154a7d
	- fabric-game-rule-api-v1 1.0.6+f74f7c7d7d
	- fabric-item-api-v1 1.2.1+ca58154a7d
	- fabric-item-groups-v0 0.2.7+2868a2287d
	- fabric-key-binding-api-v1 1.0.4+9354966b7d
	- fabric-keybindings-v0 0.2.1+ca58154a7d
	- fabric-lifecycle-events-v1 1.2.1+ca58154a7d
	- fabric-loot-tables-v1 1.0.2+ca58154a7d
	- fabric-mining-levels-v0 0.1.3+ca58154a7d
	- fabric-models-v0 0.3.0+f74f7c7d7d
	- fabric-networking-api-v1 1.0.4+f74f7c7d7d
	- fabric-networking-blockentity-v0 0.2.8+ca58154a7d
	- fabric-networking-v0 0.3.2+ca58154a7d
	- fabric-object-builder-api-v1 1.9.5+f74f7c7d7d
	- fabric-object-builders-v0 0.7.2+ca58154a7d
	- fabric-particles-v1 0.2.4+ca58154a7d
	- fabric-registry-sync-v0 0.7.5+9385714e7d
	- fabric-renderer-api-v1 0.4.4+f74f7c7d7d
	- fabric-renderer-indigo 0.4.4+ca58154a7d
	- fabric-renderer-registries-v1 2.3.0+f74f7c7d7d
	- fabric-rendering-data-attachment-v1 0.1.5+ca58154a7d
	- fabric-rendering-fluids-v1 0.1.14+4579bd497d
	- fabric-rendering-v0 1.1.2+ca58154a7d
	- fabric-rendering-v1 1.6.0+2868a2287d
	- fabric-resource-loader-v0 0.4.7+6afaa13c7d
	- fabric-screen-api-v1 1.0.0+c045166c7d
	- fabric-screen-handler-api-v1 1.1.5+f74f7c7d7d
	- fabric-structure-api-v1 1.1.11+ca0ef93d7d
	- fabric-tag-extensions-v0 1.1.1+ca58154a7d
	- fabric-textures-v0 1.0.6+ca58154a7d
	- fabric-tool-attribute-api-v1 1.2.7+8183d3957d
	- fabric-transfer-api-v1 1.4.0+9385714e7d
	- fabricloader 0.12.1
	- fttb 1.0.0
	- java 8
	- minecraft 1.16.5
[21:14:40] [main/INFO] (FabricLoader/Mixin) SpongePowered MIXIN Subsystem Version=0.8.4 Source=file:/C:/Users/Administrator/.gradle/caches/modules-2/files-2.1/net.fabricmc/sponge-mixin/0.10.2+mixin.0.8.4/4be49c22d575a6491a0f8050534482f1b6012ebf/sponge-mixin-0.10.2+mixin.0.8.4.jar Service=Knot/Fabric Env=CLIENT
[21:14:41] [main/INFO] (FabricLoader/Mixin) Loaded Fabric development mappings for mixin remapper!
[21:14:52] [main/INFO] (Minecraft) Environment: authHost='https://authserver.mojang.com', accountsHost='https://api.mojang.com', sessionHost='https://sessionserver.mojang.com', servicesHost='https://api.minecraftservices.com', name='PROD'
[21:14:54] [main/ERROR] (Minecraft) Failed to verify authentication
com.mojang.authlib.exceptions.AuthenticationUnavailableException: null
	at com.mojang.authlib.yggdrasil.YggdrasilSocialInteractionsService.checkPrivileges(YggdrasilSocialInteractionsService.java:97) ~[authlib-2.1.28.jar:?]
	at com.mojang.authlib.yggdrasil.YggdrasilSocialInteractionsService.<init>(YggdrasilSocialInteractionsService.java:40) ~[authlib-2.1.28.jar:?]
	at com.mojang.authlib.yggdrasil.YggdrasilAuthenticationService.createSocialInteractionsService(YggdrasilAuthenticationService.java:152) ~[authlib-2.1.28.jar:?]
	at net.minecraft.client.MinecraftClient.method_31382(MinecraftClient.java:624) [minecraft-1.16.5-mapped-net.fabricmc.yarn-1.16.5+build.10-v2.jar:?]
	at net.minecraft.client.MinecraftClient.<init>(MinecraftClient.java:459) [minecraft-1.16.5-mapped-net.fabricmc.yarn-1.16.5+build.10-v2.jar:?]
	at net.minecraft.client.main.Main.main(Main.java:149) [minecraft-1.16.5-mapped-net.fabricmc.yarn-1.16.5+build.10-v2.jar:?]
	at sun.reflect.NativeMethodAccessorImpl.invoke0(Native Method) ~[?:1.8.0_281]
	at sun.reflect.NativeMethodAccessorImpl.invoke(NativeMethodAccessorImpl.java:62) ~[?:1.8.0_281]
	at sun.reflect.DelegatingMethodAccessorImpl.invoke(DelegatingMethodAccessorImpl.java:43) ~[?:1.8.0_281]
	at java.lang.reflect.Method.invoke(Method.java:498) ~[?:1.8.0_281]
	at net.fabricmc.loader.impl.game.minecraft.MinecraftGameProvider.launch(MinecraftGameProvider.java:568) [fabric-loader-0.12.1.jar:?]
	at net.fabricmc.loader.impl.launch.knot.Knot.launch(Knot.java:74) [fabric-loader-0.12.1.jar:?]
	at net.fabricmc.loader.impl.launch.knot.KnotClient.main(KnotClient.java:23) [fabric-loader-0.12.1.jar:?]
	at net.fabricmc.devlaunchinjector.Main.main(Main.java:86) [dev-launch-injector-0.2.1+build.8.jar:?]
[21:14:54] [main/INFO] (Minecraft) Setting user: Player220
[21:14:55] [main/INFO] (Minecraft) [STDOUT]: Filled To The Brim Loaded!
[21:14:55] [main/INFO] (Indigo) [Indigo] Registering Indigo renderer!
[21:14:56] [main/INFO] (Minecraft) Backend library: LWJGL version 3.2.2 build 10
[21:15:04] [main/INFO] (Minecraft) Narrator library for x64 successfully loaded
[21:15:04] [main/INFO] (Minecraft) Reloading ResourceManager: Default, Fabric Mods (Fabric Item Groups (v0), Fabric Structure API (v1), Fabric Lifecycle Events (v1), Fabric Content Registries (v0), Fabric Command API (v1), Fabric Renderer Registries (v1), Fabric Rendering (v1), Fabric Events Interaction (v0), Fabric Object Builders (v0), Fabric BlockRenderLayer Registration (v1), Fabric Biome API (v1), Fabric API Lookup API (v1), Fabric Item API (v1), Fabric Screen Handler API (v1), Fabric Entity Events (v1), Fabric Crash Report Info (v1), Fabric Renderer API (v1), Fabric Object Builder API (v1), Fabric Containers (v0), Fabric Key Bindings (v0), Fabric Dimensions API (v1), Fabric Loader, Fabric Events Lifecycle (v0), Fabric Resource Loader (v0), Fabric Tool Attribute API (v1), Fabric Rendering (v0), Fabric Screen API (v1), Fabric Networking Block Entity (v0), Fabric Networking API (v1), Filled To The Brim, Fabric Mining Levels (v0), Fabric Renderer - Indigo, Fabric Commands (v0), Fabric Key Binding API (v1), Fabric API, Fabric Rendering Data Attachment (v1), Fabric API Base, Fabric Particles (v1), Fabric Rendering Fluids (v1), Fabric Loot Tables (v1), Fabric Game Rule API (v1), Fabric Tag Extensions (v0), Fabric Registry Sync (v0), Fabric Models (v0), Fabric Transfer API (v1), Fabric Networking (v0), Fabric Textures (v0))
[21:15:05] [Realms Notification Availability checker #1/INFO] (Minecraft) Could not authorize you against Realms server: Invalid session id
[21:15:09] [main/INFO] (Minecraft) OpenAL initialized.
[21:15:09] [main/INFO] (Minecraft) Sound engine started
[21:15:09] [main/INFO] (Minecraft) Created: 1024x1024x4 minecraft:textures/atlas/blocks.png-atlas
[21:15:10] [main/INFO] (Minecraft) Created: 256x128x4 minecraft:textures/atlas/signs.png-atlas
[21:15:10] [main/INFO] (Minecraft) Created: 1024x512x4 minecraft:textures/atlas/banner_patterns.png-atlas
[21:15:10] [main/INFO] (Minecraft) Created: 1024x512x4 minecraft:textures/atlas/shield_patterns.png-atlas
[21:15:10] [main/INFO] (Minecraft) Created: 256x256x4 minecraft:textures/atlas/chest.png-atlas
[21:15:10] [main/INFO] (Minecraft) Created: 512x256x4 minecraft:textures/atlas/beds.png-atlas
[21:15:10] [main/INFO] (Minecraft) Created: 512x256x4 minecraft:textures/atlas/shulker_boxes.png-atlas
[21:15:10] [main/INFO] (Minecraft) Created: 256x256x0 minecraft:textures/atlas/particles.png-atlas
[21:15:10] [main/INFO] (Minecraft) Created: 256x256x0 minecraft:textures/atlas/paintings.png-atlas
[21:15:10] [main/INFO] (Minecraft) Created: 256x128x0 minecraft:textures/atlas/mob_effects.png-atlas
[21:15:27] [main/WARN] (Minecraft) Ambiguity between arguments [teleport, destination] and [teleport, targets] with inputs: [Player, 0123, @e, dd12be42-52a9-4a91-a8a1-11c01849e498]
[21:15:27] [main/WARN] (Minecraft) Ambiguity between arguments [teleport, location] and [teleport, destination] with inputs: [0.1 -0.5 .9, 0 0 0]
[21:15:27] [main/WARN] (Minecraft) Ambiguity between arguments [teleport, location] and [teleport, targets] with inputs: [0.1 -0.5 .9, 0 0 0]
[21:15:27] [main/WARN] (Minecraft) Ambiguity between arguments [teleport, targets] and [teleport, destination] with inputs: [Player, 0123, dd12be42-52a9-4a91-a8a1-11c01849e498]
[21:15:27] [main/WARN] (Minecraft) Ambiguity between arguments [teleport, targets, location] and [teleport, targets, destination] with inputs: [0.1 -0.5 .9, 0 0 0]
[21:15:27] [main/INFO] (Minecraft) Reloading ResourceManager: Default, Fabric Mods (Fabric Tool Attribute API (v1))
[21:15:29] [main/INFO] (Minecraft) Loaded 7 recipes
[21:15:30] [main/INFO] (Minecraft) Loaded 927 advancements
[21:15:30] [main/INFO] (BiomeModificationImpl) Applied 0 biome modifications to 0 of 79 new biomes in 2.399 ms
[21:15:32] [main/INFO] (Minecraft) Environment: authHost='https://authserver.mojang.com', accountsHost='https://api.mojang.com', sessionHost='https://sessionserver.mojang.com', servicesHost='https://api.minecraftservices.com', name='PROD'
[21:15:32] [Server thread/INFO] (Minecraft) Starting integrated minecraft server version 1.16.5
[21:15:32] [Server thread/INFO] (Minecraft) Generating keypair
[21:15:33] [Server thread/INFO] (Minecraft) Preparing start region for dimension minecraft:overworld
[21:15:38] [main/INFO] (Minecraft) Preparing spawn area: 0%
[21:15:38] [main/INFO] (Minecraft) Preparing spawn area: 0%
[21:15:38] [main/INFO] (Minecraft) Preparing spawn area: 0%
[21:15:38] [main/INFO] (Minecraft) Preparing spawn area: 0%
[21:15:38] [main/INFO] (Minecraft) Preparing spawn area: 0%
[21:15:38] [main/INFO] (Minecraft) Preparing spawn area: 0%
[21:15:38] [main/INFO] (Minecraft) Preparing spawn area: 0%
[21:15:38] [main/INFO] (Minecraft) Preparing spawn area: 0%
[21:15:38] [main/INFO] (Minecraft) Preparing spawn area: 0%
[21:15:38] [main/INFO] (Minecraft) Preparing spawn area: 0%
[21:15:39] [main/INFO] (Minecraft) Preparing spawn area: 0%
[21:15:39] [main/INFO] (Minecraft) Preparing spawn area: 0%
[21:15:39] [main/INFO] (Minecraft) Preparing spawn area: 83%
[21:15:40] [main/INFO] (Minecraft) Time elapsed: 6901 ms
[21:15:44] [Server thread/WARN] (Minecraft) Can't keep up! Is the server overloaded? Running 4288ms or 85 ticks behind
[21:15:45] [Server thread/INFO] (Minecraft) Changing view distance to 11, from 10
[21:15:50] [Server thread/INFO] (Minecraft) Player220[local:E:88e66d0f] logged in with entity id 277 at (137.70540178830112, 83.0, -152.29779789500282)
[21:15:50] [Server thread/INFO] (Minecraft) Player220 joined the game
[21:15:51] [Server thread/INFO] (Minecraft) Saving and pausing game...
[21:15:51] [Server thread/INFO] (Minecraft) Saving chunks for level 'ServerLevel[Test]'/minecraft:overworld
[21:15:51] [main/INFO] (Minecraft) Loaded 0 advancements
[21:15:52] [Server thread/INFO] (Minecraft) Saving chunks for level 'ServerLevel[Test]'/minecraft:the_nether
[21:15:52] [Server thread/INFO] (Minecraft) Saving chunks for level 'ServerLevel[Test]'/minecraft:the_end
[21:15:53] [Server thread/INFO] (Minecraft) Saving and pausing game...
[21:15:53] [Server thread/INFO] (Minecraft) Saving chunks for level 'ServerLevel[Test]'/minecraft:overworld
[21:15:53] [Server thread/INFO] (Minecraft) Saving chunks for level 'ServerLevel[Test]'/minecraft:the_nether
[21:15:53] [Server thread/INFO] (Minecraft) Saving chunks for level 'ServerLevel[Test]'/minecraft:the_end
[21:18:37] [Server thread/INFO] (Minecraft) Saving and pausing game...
[21:18:37] [Server thread/INFO] (Minecraft) Saving chunks for level 'ServerLevel[Test]'/minecraft:overworld
[21:18:38] [Server thread/INFO] (Minecraft) Saving chunks for level 'ServerLevel[Test]'/minecraft:the_nether
[21:18:38] [Server thread/INFO] (Minecraft) Saving chunks for level 'ServerLevel[Test]'/minecraft:the_end
[21:18:41] [Server thread/INFO] (Minecraft) Player220 lost connection: Disconnected
[21:18:41] [Server thread/INFO] (Minecraft) Player220 left the game
[21:18:41] [Server thread/INFO] (Minecraft) Stopping singleplayer server as player logged out
[21:18:41] [Server thread/INFO] (Minecraft) Stopping server
[21:18:41] [Server thread/INFO] (Minecraft) Saving players
[21:18:41] [Server thread/INFO] (Minecraft) Saving worlds
[21:18:41] [Server thread/INFO] (Minecraft) Saving chunks for level 'ServerLevel[Test]'/minecraft:overworld
[21:18:41] [Server thread/INFO] (Minecraft) ThreadedAnvilChunkStorage (Test): All chunks are saved
[21:18:41] [Server thread/INFO] (Minecraft) Saving chunks for level 'ServerLevel[Test]'/minecraft:the_nether
[21:18:41] [Server thread/INFO] (Minecraft) ThreadedAnvilChunkStorage (DIM-1): All chunks are saved
[21:18:41] [Server thread/INFO] (Minecraft) Saving chunks for level 'ServerLevel[Test]'/minecraft:the_end
[21:18:41] [Server thread/INFO] (Minecraft) ThreadedAnvilChunkStorage (DIM1): All chunks are saved
[21:18:41] [Server thread/INFO] (Minecraft) ThreadedAnvilChunkStorage (Test): All chunks are saved
[21:18:41] [Server thread/INFO] (Minecraft) ThreadedAnvilChunkStorage (DIM-1): All chunks are saved
[21:18:41] [Server thread/INFO] (Minecraft) ThreadedAnvilChunkStorage (DIM1): All chunks are saved
[21:18:42] [main/INFO] (Minecraft) Stopping!
